<?xml version="1.0" encoding="UTF-8"?>
<!-- Generated by org.testng.reporters.JUnitXMLReporter -->
<testsuite hostname="DESKTOP-AN1HL9O" name="HomePageTestCases" tests="4" failures="1" timestamp="5 Jun 2021 14:19:33 GMT" time="97.901" errors="0">
  <testcase name="checkTitleOfPageIsCorrect" time="39.593" classname="FrameworkBuilding.E2E_Project.HomePageTestCases">
    <failure type="java.lang.AssertionError" message="expected [FEATURED Courses] but found [FEATURED COURSES]">
      <![CDATA[java.lang.AssertionError: expected [FEATURED Courses] but found [FEATURED COURSES]
	at FrameworkBuilding.E2E_Project.HomePageTestCases.checkTitleOfPageIsCorrect(HomePageTestCases.java:50)
	at java.util.concurrent.FutureTask.run(Unknown Source)
	at java.util.concurrent.ThreadPoolExecutor.runWorker(Unknown Source)
	at java.util.concurrent.ThreadPoolExecutor$Worker.run(Unknown Source)
	at java.lang.Thread.run(Unknown Source)
... Removed 22 stack frames]]>
    </failure>
  </testcase> <!-- checkTitleOfPageIsCorrect -->
  <testcase name="checkHeaderTitleIsCorrect" time="7.372" classname="FrameworkBuilding.E2E_Project.HomePageTestCases"/>
  <testcase name="checkNavBarAvailable" time="0.863" classname="FrameworkBuilding.E2E_Project.HomePageTestCases"/>
  <testcase name="checkLoginBtnWorking" time="2.647" classname="FrameworkBuilding.E2E_Project.HomePageTestCases"/>
</testsuite> <!-- HomePageTestCases -->
