<?xml version="1.0" encoding="UTF-8"?>
<!-- Generated by org.testng.reporters.JUnitXMLReporter -->
<testsuite hostname="vaibhav" name="HomePageTestCases" tests="4" failures="1" timestamp="28 Jun 2021 07:42:08 GMT" time="43.837" errors="0">
  <testcase name="checkTitleOfPageIsCorrect" time="30.021" classname="FrameworkBuilding.E2E_Project.HomePageTestCases">
    <failure type="java.lang.AssertionError" message="expected [FEATURED Courses] but found [FEATURED COURSES]">
      <![CDATA[java.lang.AssertionError: expected [FEATURED Courses] but found [FEATURED COURSES]
	at FrameworkBuilding.E2E_Project.HomePageTestCases.checkTitleOfPageIsCorrect(HomePageTestCases.java:50)
	at java.util.concurrent.FutureTask.run(FutureTask.java:266)
	at java.util.concurrent.ThreadPoolExecutor.runWorker(ThreadPoolExecutor.java:1142)
	at java.util.concurrent.ThreadPoolExecutor$Worker.run(ThreadPoolExecutor.java:617)
	at java.lang.Thread.run(Thread.java:745)
... Removed 22 stack frames]]>
    </failure>
  </testcase> <!-- checkTitleOfPageIsCorrect -->
  <testcase name="checkHeaderTitleIsCorrect" time="0.088" classname="FrameworkBuilding.E2E_Project.HomePageTestCases"/>
  <testcase name="checkNavBarAvailable" time="0.333" classname="FrameworkBuilding.E2E_Project.HomePageTestCases"/>
  <testcase name="checkLoginBtnWorking" time="4.807" classname="FrameworkBuilding.E2E_Project.HomePageTestCases"/>
</testsuite> <!-- HomePageTestCases -->
