<?xml version="1.0" encoding="UTF-8"?>
<!-- Generated by org.testng.reporters.JUnitXMLReporter -->
<testsuite hostname="vaibhav" name="LoginPageTestCases" tests="2" failures="0" timestamp="28 Jun 2021 07:42:11 GMT" time="47.07" errors="0">
  <testcase name="LoginPageUnautorizedAccessTest" time="29.797" classname="FrameworkBuilding.E2E_Project.LoginPageTestCases"/>
  <testcase name="LoginPageUnautorizedAccessTest" time="11.264" classname="FrameworkBuilding.E2E_Project.LoginPageTestCases"/>
</testsuite> <!-- LoginPageTestCases -->
