<?xml version="1.0" encoding="UTF-8"?>
<!-- Generated by org.testng.reporters.JUnitXMLReporter -->
<testsuite hostname="DESKTOP-AN1HL9O" ignored="0" name="LoginPageTestCases1" tests="2" failures="0" timestamp="29 May 2021 07:33:38 GMT" time="21.066" errors="0">
  <testcase name="LoginPageUnautorizedAccessTest" time="14.044" classname="FrameworkBuilding.E2E_Project.LoginPageTestCases"/>
  <testcase name="LoginPageUnautorizedAccessTest" time="4.11" classname="FrameworkBuilding.E2E_Project.LoginPageTestCases"/>
</testsuite> <!-- LoginPageTestCases1 -->
