<?xml version="1.0" encoding="UTF-8"?>
<!-- Generated by org.testng.reporters.JUnitXMLReporter -->
<testsuite hostname="DESKTOP-AN1HL9O" ignored="0" name="HomePageTestCases1" tests="2" failures="1" timestamp="29 May 2021 10:43:29 GMT" time="60.353" errors="0">
  <testcase name="checkTitleOfPageIsCorrect" time="32.873" classname="FrameworkBuilding.E2E_Project.HomePageTestCases">
    <failure type="java.lang.AssertionError" message="expected [FEATURED Courses] but found [FEATURED COURSES]">
      <![CDATA[java.lang.AssertionError: expected [FEATURED Courses] but found [FEATURED COURSES]at FrameworkBuilding.E2E_Project.HomePageTestCases.checkTitleOfPageIsCorrect(HomePageTestCases.java:46)... Removed 35 stack frames]]>
    </failure>
  </testcase> <!-- checkTitleOfPageIsCorrect -->
  <testcase name="checkLoginBtnWorking" time="4.07" classname="FrameworkBuilding.E2E_Project.HomePageTestCases"/>
</testsuite> <!-- HomePageTestCases1 -->
