<?xml version="1.0" encoding="UTF-8"?>
<!-- Generated by org.testng.reporters.JUnitXMLReporter -->
<testsuite hostname="DESKTOP-AN1HL9O" name="HomePageTestCases" tests="4" failures="1" timestamp="5 Jun 2021 15:04:27 GMT" time="33.056" errors="0">
  <testcase name="checkTitleOfPageIsCorrect" time="17.866" classname="FrameworkBuilding.E2E_Project.HomePageTestCases">
    <failure type="java.lang.AssertionError" message="expected [FEATURED Courses] but found [FEATURED COURSES]">
      <![CDATA[java.lang.AssertionError: expected [FEATURED Courses] but found [FEATURED COURSES]
	at FrameworkBuilding.E2E_Project.HomePageTestCases.checkTitleOfPageIsCorrect(HomePageTestCases.java:50)
	at java.util.concurrent.FutureTask.run(FutureTask.java:266)
	at java.util.concurrent.ThreadPoolExecutor.runWorker(ThreadPoolExecutor.java:1149)
	at java.util.concurrent.ThreadPoolExecutor$Worker.run(ThreadPoolExecutor.java:624)
	at java.lang.Thread.run(Thread.java:748)
... Removed 22 stack frames]]>
    </failure>
  </testcase> <!-- checkTitleOfPageIsCorrect -->
  <testcase name="checkHeaderTitleIsCorrect" time="0.106" classname="FrameworkBuilding.E2E_Project.HomePageTestCases"/>
  <testcase name="checkNavBarAvailable" time="0.437" classname="FrameworkBuilding.E2E_Project.HomePageTestCases"/>
  <testcase name="checkLoginBtnWorking" time="2.382" classname="FrameworkBuilding.E2E_Project.HomePageTestCases"/>
</testsuite> <!-- HomePageTestCases -->
