<?xml version="1.0" encoding="UTF-8"?>
<!-- Generated by org.testng.reporters.JUnitXMLReporter -->
<testsuite hostname="DESKTOP-AN1HL9O" ignored="0" name="LoginPageTestCases" tests="2" failures="0" timestamp="29 May 2021 12:24:07 GMT" time="19.918" errors="0">
  <testcase name="LoginPageUnautorizedAccessTest" time="10.193" classname="FrameworkBuilding.E2E_Project.LoginPageTestCases"/>
  <testcase name="LoginPageUnautorizedAccessTest" time="4.087" classname="FrameworkBuilding.E2E_Project.LoginPageTestCases"/>
</testsuite> <!-- LoginPageTestCases -->
