<?xml version="1.0" encoding="UTF-8"?>
<!-- Generated by org.testng.reporters.JUnitXMLReporter -->
<testsuite hostname="vaibhav" name="LoginPageTestCases" tests="2" failures="0" timestamp="28 Jun 2021 08:59:49 GMT" time="21.548" errors="0">
  <testcase name="LoginPageUnautorizedAccessTest" time="10.474" classname="FrameworkBuilding.E2E_Project.LoginPageTestCases"/>
  <testcase name="LoginPageUnautorizedAccessTest" time="6.575" classname="FrameworkBuilding.E2E_Project.LoginPageTestCases"/>
</testsuite> <!-- LoginPageTestCases -->
