<?xml version="1.0" encoding="UTF-8"?>
<!-- Generated by org.testng.reporters.JUnitXMLReporter -->
<testsuite hostname="DESKTOP-AN1HL9O" ignored="0" name="Test" tests="5" failures="0" timestamp="25 May 2021 07:31:38 GMT" time="109.119" errors="0">
  <testcase name="checkNavBarAvailable" time="2.471" classname="FrameworkBuilding.E2E_Project.HomePageNavBarTest"/>
  <testcase name="LoginPageUnautorizedAccessTest" time="19.246" classname="FrameworkBuilding.E2E_Project.LoginPageTestCases"/>
  <testcase name="LoginPageUnautorizedAccessTest" time="16.256" classname="FrameworkBuilding.E2E_Project.LoginPageTestCases"/>
  <testcase name="checkTitleOfPageIsCorrect" time="16.078" classname="FrameworkBuilding.E2E_Project.HomePageTestCases"/>
  <testcase name="checkLoginBtnWorking" time="17.942" classname="FrameworkBuilding.E2E_Project.HomePageTestCases"/>
</testsuite> <!-- Test -->
