-------------------------------------------------------------------------------
Test set: TestSuite
-------------------------------------------------------------------------------
Tests run: 6, Failures: 1, Errors: 0, Skipped: 0, Time elapsed: 24.581 s <<< FAILURE! - in TestSuite
FrameworkBuilding.E2E_Project.HomePageTestCases.checkTitleOfPageIsCorrect  Time elapsed: 7.437 s  <<< FAILURE!
java.lang.AssertionError: expected [FEATURED Courses] but found [FEATURED COURSES]
	at FrameworkBuilding.E2E_Project.HomePageTestCases.checkTitleOfPageIsCorrect(HomePageTestCases.java:48)

