<?xml version="1.0" encoding="UTF-8"?>
<testng-results skipped="0" failed="0" total="1" passed="1">
  <reporter-output>
  </reporter-output>
  <suite name="Suite" duration-ms="65245" started-at="2021-06-01T12:46:08Z" finished-at="2021-06-01T12:47:13Z">
    <groups>
      <group name="cucumber">
        <method signature="AbstractTestNGCucumberTests.feature(cucumber.api.testng.CucumberFeatureWrapper)[pri:0, instance:cucumberOptions.TestRunner@345965f2]" name="feature" class="cucumber.api.testng.AbstractTestNGCucumberTests"/>
      </group> <!-- cucumber -->
    </groups>
    <test name="Login page test cases" duration-ms="65245" started-at="2021-06-01T12:46:08Z" finished-at="2021-06-01T12:47:13Z">
      <class name="cucumberOptions.TestRunner">
        <test-method status="PASS" signature="setUpClass()[pri:0, instance:cucumberOptions.TestRunner@345965f2]" name="setUpClass" is-config="true" duration-ms="421" started-at="2021-06-01T18:16:08Z" finished-at="2021-06-01T18:16:08Z">
          <reporter-output>
          </reporter-output>
        </test-method> <!-- setUpClass -->
        <test-method status="PASS" signature="feature(cucumber.api.testng.CucumberFeatureWrapper)[pri:0, instance:cucumberOptions.TestRunner@345965f2]" name="feature" duration-ms="64221" started-at="2021-06-01T18:16:09Z" description="Runs Cucumber Feature" data-provider="features" finished-at="2021-06-01T18:17:13Z">
          <params>
            <param index="0">
              <value>
                <![CDATA[Login Page]]>
              </value>
            </param>
          </params>
          <reporter-output>
          </reporter-output>
        </test-method> <!-- feature -->
        <test-method status="PASS" signature="tearDownClass()[pri:0, instance:cucumberOptions.TestRunner@345965f2]" name="tearDownClass" is-config="true" duration-ms="150" started-at="2021-06-01T18:17:13Z" finished-at="2021-06-01T18:17:13Z">
          <reporter-output>
          </reporter-output>
        </test-method> <!-- tearDownClass -->
      </class> <!-- cucumberOptions.TestRunner -->
    </test> <!-- Login page test cases -->
  </suite> <!-- Suite -->
</testng-results>
