<?xml version="1.0" encoding="UTF-8"?>
<testsuite xmlns:xsi="http://www.w3.org/2001/XMLSchema-instance" xsi:noNamespaceSchemaLocation="https://maven.apache.org/surefire/maven-surefire-plugin/xsd/surefire-test-report-3.0.xsd" version="3.0" name="TestSuite" time="24.581" tests="6" errors="0" skipped="0" failures="1">
  <properties>
[...]
</properties>
  <testcase name="checkTitleOfPageIsCorrect" classname="FrameworkBuilding.E2E_Project.HomePageTestCases" time="7.437">
    <failure message="expected [FEATURED Courses] but found [FEATURED COURSES]" type="java.lang.AssertionError"><![CDATA[java.lang.AssertionError: expected [FEATURED Courses] but found [FEATURED COURSES]
	at FrameworkBuilding.E2E_Project.HomePageTestCases.checkTitleOfPageIsCorrect(HomePageTestCases.java:48)
]]></failure>
    <system-err><![CDATA[Starting ChromeDriver 90.0.4430.24 (4c6d850f087da467d926e8eddb76550aed655991-refs/branch-heads/4430@{#429}) on port 6261
OnlSty alrotcinagl  CchornonemcetDiroinvse ra r9e0 a.l0l.o4w4e3d0..24
 P(l4eca6sde8 5s0efe 0h8t7tdpas4:6/7/dc9h2r6oem8eeddrdibver7.c6h5r5o0maieudm.6o5r5g9/9se1c-urreiftsy-/cbornasnicdhe-rhaetaidosn/s4 f4o3r0 @s{u#g4g2e9s}t)i oonns  poon rkte e1p2i8n0g6 Ch
Ornolmye Dlroicvaerl  csoanfnee.ct
iCohnrso maerDer ivaellro wwaeds .st
aPrlteeasde  ssuecec ehtstspfs:u/l/lcyh.rom
edriver.chromium.org/security-considerations for suggestions on keeping ChromeDriver safe.
ChromeDriver was started successfully.
[1624870771.399][WARNING]: This version of ChromeDriver has not been tested with Chrome version 91.
[1624870771.411][WARNING]: This version of ChromeDriver has not been tested with Chrome version 91.
Jun 28, 2021 2:29:31 PM org.openqa.selenium.remote.ProtocolHandshake createSession
INFO: Detected dialect: W3C
Jun 28, 2021 2:29:31 PM org.openqa.selenium.remote.ProtocolHandshake createSession
INFO: Detected dialect: W3C
]]></system-err>
  </testcase>
  <testcase name="checkHeaderTitleIsCorrect" classname="FrameworkBuilding.E2E_Project.HomePageTestCases" time="0.187"/>
  <testcase name="checkNavBarAvailable" classname="FrameworkBuilding.E2E_Project.HomePageTestCases" time="0.213"/>
  <testcase name="checkLoginBtnWorking" classname="FrameworkBuilding.E2E_Project.HomePageTestCases" time="0.826"/>
  <testcase name="LoginPageUnautorizedAccessTest[restricteduser@qaclick.com, pass@123](1)" classname="FrameworkBuilding.E2E_Project.LoginPageTestCases" time="1.177"/>
  <testcase name="LoginPageUnautorizedAccessTest[unrestricteduser@qaclick.com, unrestricted](2)" classname="FrameworkBuilding.E2E_Project.LoginPageTestCases" time="6.569"/>
</testsuite>