<?xml version="1.0" encoding="UTF-8"?>
<testng-results skipped="0" failed="1" total="6" passed="5">
  <reporter-output>
  </reporter-output>
  <suite name="Suite" duration-ms="33496" started-at="2021-06-28T08:48:36Z" finished-at="2021-06-28T08:49:09Z">
    <groups>
    </groups>
    <test name="HomePageTestCases" duration-ms="23727" started-at="2021-06-28T08:48:36Z" finished-at="2021-06-28T08:49:00Z">
      <class name="FrameworkBuilding.E2E_Project.HomePageTestCases">
        <test-method status="PASS" signature="openBrowser()[pri:0, instance:FrameworkBuilding.E2E_Project.HomePageTestCases@7d20d0b]" name="openBrowser" is-config="true" duration-ms="5696" started-at="2021-06-28T14:18:36Z" finished-at="2021-06-28T14:18:42Z">
          <reporter-output>
          </reporter-output>
        </test-method> <!-- openBrowser -->
        <test-method status="FAIL" signature="checkTitleOfPageIsCorrect()[pri:1, instance:FrameworkBuilding.E2E_Project.HomePageTestCases@7d20d0b]" name="checkTitleOfPageIsCorrect" duration-ms="13505" started-at="2021-06-28T14:18:42Z" finished-at="2021-06-28T14:18:55Z">
          <exception class="java.lang.AssertionError">
            <message>
              <![CDATA[expected [FEATURED Courses] but found [FEATURED COURSES]]]>
            </message>
            <full-stacktrace>
              <![CDATA[java.lang.AssertionError: expected [FEATURED Courses] but found [FEATURED COURSES]
	at org.testng.Assert.fail(Assert.java:94)
	at org.testng.Assert.failNotEquals(Assert.java:513)
	at org.testng.Assert.assertEqualsImpl(Assert.java:135)
	at org.testng.Assert.assertEquals(Assert.java:116)
	at org.testng.Assert.assertEquals(Assert.java:190)
	at org.testng.Assert.assertEquals(Assert.java:200)
	at FrameworkBuilding.E2E_Project.HomePageTestCases.checkTitleOfPageIsCorrect(HomePageTestCases.java:48)
	at sun.reflect.NativeMethodAccessorImpl.invoke0(Native Method)
	at sun.reflect.NativeMethodAccessorImpl.invoke(NativeMethodAccessorImpl.java:62)
	at sun.reflect.DelegatingMethodAccessorImpl.invoke(DelegatingMethodAccessorImpl.java:43)
	at java.lang.reflect.Method.invoke(Method.java:498)
	at org.testng.internal.MethodInvocationHelper.invokeMethod(MethodInvocationHelper.java:86)
	at org.testng.internal.Invoker.invokeMethod(Invoker.java:643)
	at org.testng.internal.Invoker.invokeTestMethod(Invoker.java:820)
	at org.testng.internal.Invoker.invokeTestMethods(Invoker.java:1128)
	at org.testng.internal.TestMethodWorker.invokeTestMethods(TestMethodWorker.java:129)
	at org.testng.internal.TestMethodWorker.run(TestMethodWorker.java:112)
	at org.testng.TestRunner.privateRun(TestRunner.java:782)
	at org.testng.TestRunner.run(TestRunner.java:632)
	at org.testng.SuiteRunner.runTest(SuiteRunner.java:366)
	at org.testng.SuiteRunner.access$000(SuiteRunner.java:39)
	at org.testng.SuiteRunner$SuiteWorker.run(SuiteRunner.java:400)
	at org.testng.internal.thread.ThreadUtil$2.call(ThreadUtil.java:64)
	at java.util.concurrent.FutureTask.run(FutureTask.java:266)
	at java.util.concurrent.ThreadPoolExecutor.runWorker(ThreadPoolExecutor.java:1142)
	at java.util.concurrent.ThreadPoolExecutor$Worker.run(ThreadPoolExecutor.java:617)
	at java.lang.Thread.run(Thread.java:745)
]]>
            </full-stacktrace>
          </exception> <!-- java.lang.AssertionError -->
          <reporter-output>
          </reporter-output>
        </test-method> <!-- checkTitleOfPageIsCorrect -->
        <test-method status="PASS" signature="checkHeaderTitleIsCorrect()[pri:2, instance:FrameworkBuilding.E2E_Project.HomePageTestCases@7d20d0b]" name="checkHeaderTitleIsCorrect" duration-ms="163" started-at="2021-06-28T14:18:57Z" finished-at="2021-06-28T14:18:57Z">
          <reporter-output>
          </reporter-output>
        </test-method> <!-- checkHeaderTitleIsCorrect -->
        <test-method status="PASS" signature="checkNavBarAvailable()[pri:3, instance:FrameworkBuilding.E2E_Project.HomePageTestCases@7d20d0b]" name="checkNavBarAvailable" duration-ms="273" started-at="2021-06-28T14:18:57Z" finished-at="2021-06-28T14:18:57Z">
          <reporter-output>
          </reporter-output>
        </test-method> <!-- checkNavBarAvailable -->
        <test-method status="PASS" signature="checkLoginBtnWorking()[pri:4, instance:FrameworkBuilding.E2E_Project.HomePageTestCases@7d20d0b]" name="checkLoginBtnWorking" duration-ms="1517" started-at="2021-06-28T14:18:57Z" finished-at="2021-06-28T14:18:59Z">
          <reporter-output>
          </reporter-output>
        </test-method> <!-- checkLoginBtnWorking -->
        <test-method status="PASS" signature="closeBrowser()[pri:0, instance:FrameworkBuilding.E2E_Project.HomePageTestCases@7d20d0b]" name="closeBrowser" is-config="true" duration-ms="624" started-at="2021-06-28T14:18:59Z" finished-at="2021-06-28T14:19:00Z">
          <reporter-output>
          </reporter-output>
        </test-method> <!-- closeBrowser -->
      </class> <!-- FrameworkBuilding.E2E_Project.HomePageTestCases -->
    </test> <!-- HomePageTestCases -->
    <test name="LoginPageTestCases" duration-ms="33496" started-at="2021-06-28T08:48:36Z" finished-at="2021-06-28T08:49:09Z">
      <class name="FrameworkBuilding.E2E_Project.LoginPageTestCases">
        <test-method status="PASS" signature="openBrowser()[pri:0, instance:FrameworkBuilding.E2E_Project.LoginPageTestCases@609cd4d8]" name="openBrowser" is-config="true" duration-ms="5099" started-at="2021-06-28T14:18:36Z" finished-at="2021-06-28T14:18:41Z">
          <reporter-output>
          </reporter-output>
        </test-method> <!-- openBrowser -->
        <test-method status="PASS" signature="LoginPageUnautorizedAccessTest(java.lang.String, java.lang.String)[pri:0, instance:FrameworkBuilding.E2E_Project.LoginPageTestCases@609cd4d8]" name="LoginPageUnautorizedAccessTest" duration-ms="18979" started-at="2021-06-28T14:18:41Z" data-provider="getData" finished-at="2021-06-28T14:19:00Z">
          <params>
            <param index="0">
              <value>
                <![CDATA[restricteduser@qaclick.com]]>
              </value>
            </param>
            <param index="1">
              <value>
                <![CDATA[pass@123]]>
              </value>
            </param>
          </params>
          <reporter-output>
          </reporter-output>
        </test-method> <!-- LoginPageUnautorizedAccessTest -->
        <test-method status="PASS" signature="LoginPageUnautorizedAccessTest(java.lang.String, java.lang.String)[pri:0, instance:FrameworkBuilding.E2E_Project.LoginPageTestCases@609cd4d8]" name="LoginPageUnautorizedAccessTest" duration-ms="9199" started-at="2021-06-28T14:19:00Z" data-provider="getData" finished-at="2021-06-28T14:19:09Z">
          <params>
            <param index="0">
              <value>
                <![CDATA[unrestricteduser@qaclick.com]]>
              </value>
            </param>
            <param index="1">
              <value>
                <![CDATA[unrestricted]]>
              </value>
            </param>
          </params>
          <reporter-output>
          </reporter-output>
        </test-method> <!-- LoginPageUnautorizedAccessTest -->
        <test-method status="PASS" signature="closeBrowser()[pri:0, instance:FrameworkBuilding.E2E_Project.LoginPageTestCases@609cd4d8]" name="closeBrowser" is-config="true" duration-ms="165" started-at="2021-06-28T14:19:09Z" finished-at="2021-06-28T14:19:09Z">
          <reporter-output>
          </reporter-output>
        </test-method> <!-- closeBrowser -->
      </class> <!-- FrameworkBuilding.E2E_Project.LoginPageTestCases -->
    </test> <!-- LoginPageTestCases -->
  </suite> <!-- Suite -->
</testng-results>
